<?xml version="1.0" encoding="UTF-8"?>
<testng-results ignored="0" total="1" passed="1" failed="0" skipped="0">
  <reporter-output>
  </reporter-output>
  <suite started-at="2024-11-27T10:10:05 IST" name="Default suite" finished-at="2024-11-27T10:10:15 IST" duration-ms="10288">
    <groups>
    </groups>
    <test started-at="2024-11-27T10:10:05 IST" name="Default test" finished-at="2024-11-27T10:10:15 IST" duration-ms="10288">
      <class name="Module1_Login_Test.SwagLabs_TestNG_TestClass">
        <test-method is-config="true" signature="OpenBrowser()[pri:0, instance:Module1_Login_Test.SwagLabs_TestNG_TestClass@192d43ce]" started-at="2024-11-27T10:10:05 IST" name="OpenBrowser" finished-at="2024-11-27T10:10:07 IST" duration-ms="2177" status="PASS">
          <reporter-output>
          </reporter-output>
        </test-method> <!-- OpenBrowser -->
        <test-method is-config="true" signature="LoginToApp()[pri:0, instance:Module1_Login_Test.SwagLabs_TestNG_TestClass@192d43ce]" started-at="2024-11-27T10:10:07 IST" name="LoginToApp" finished-at="2024-11-27T10:10:10 IST" duration-ms="3133" status="PASS">
          <reporter-output>
          </reporter-output>
        </test-method> <!-- LoginToApp -->
        <test-method signature="TCVerifyLogoText()[pri:0, instance:Module1_Login_Test.SwagLabs_TestNG_TestClass@192d43ce]" started-at="2024-11-27T10:10:10 IST" name="TCVerifyLogoText" finished-at="2024-11-27T10:10:13 IST" duration-ms="2540" status="PASS">
          <reporter-output>
          </reporter-output>
        </test-method> <!-- TCVerifyLogoText -->
        <test-method is-config="true" signature="LogoutTFromApp(org.testng.ITestResult)[pri:0, instance:Module1_Login_Test.SwagLabs_TestNG_TestClass@192d43ce]" started-at="2024-11-27T10:10:13 IST" name="LogoutTFromApp" finished-at="2024-11-27T10:10:15 IST" duration-ms="2156" status="PASS">
          <params>
            <param index="0">
              <value>
                <![CDATA[[TestResult name=TCVerifyLogoText status=SUCCESS method=SwagLabs_TestNG_TestClass.TCVerifyLogoText()[pri:0, instance:Module1_Login_Test.SwagLabs_TestNG_TestClass@192d43ce] output={null}]]]>
              </value>
            </param>
          </params>
          <reporter-output>
          </reporter-output>
        </test-method> <!-- LogoutTFromApp -->
        <test-method is-config="true" signature="CloseBrowser()[pri:0, instance:Module1_Login_Test.SwagLabs_TestNG_TestClass@192d43ce]" started-at="2024-11-27T10:10:15 IST" name="CloseBrowser" finished-at="2024-11-27T10:10:15 IST" duration-ms="254" status="PASS">
          <reporter-output>
          </reporter-output>
        </test-method> <!-- CloseBrowser -->
      </class> <!-- Module1_Login_Test.SwagLabs_TestNG_TestClass -->
    </test> <!-- Default test -->
  </suite> <!-- Default suite -->
</testng-results>
